[ ODBC Error - 24.1.2026 4:49:43 ] ] Source: SQLDriverConnect Error: [Microsoft][ODBC Driver Manager] Veri kaynaðý adý bulunamadý ve varsayýlan sürücü belirtilmemiþ Description: Unable to establish connection.
[ ODBC Error - 24.1.2026 4:56:40 ] ] Source: {CALL GAME_START_CLEAR_REMAIN_USERS} Error: [Microsoft][ODBC SQL Server Driver][SQL Server]The EXECUTE permission was denied on the object 'GAME_START_CLEAR_REMAIN_USERS', database 'KO_ISTIRAP_SERVER_DB', schema 'dbo'. Description: Failed to execute statement.
[ ODBC Error - 24.1.2026 5:5:46 ] ] Source: {CALL GAME_START_CLEAR_REMAIN_USERS} Error: [Microsoft][ODBC SQL Server Driver][SQL Server]The EXECUTE permission was denied on the object 'GAME_START_CLEAR_REMAIN_USERS', database 'KO_ISTIRAP_SERVER_DB', schema 'dbo'. Description: Failed to execute statement.
[ ODBC Error - 24.1.2026 5:11:54 ] ] Source: {CALL GAME_START_CLEAR_REMAIN_USERS} Error: [Microsoft][ODBC SQL Server Driver][SQL Server]The EXECUTE permission was denied on the object 'GAME_START_CLEAR_REMAIN_USERS', database 'KO_ISTIRAP_SERVER_DB', schema 'dbo'. Description: Failed to execute statement.
[ ODBC Error - 24.1.2026 5:19:32 ] ] Source: {CALL GAME_START_CLEAR_REMAIN_USERS} Error: [Microsoft][ODBC SQL Server Driver][SQL Server]The EXECUTE permission was denied on the object 'GAME_START_CLEAR_REMAIN_USERS', database 'KO_ISTIRAP_SERVER_DB', schema 'dbo'. Description: Failed to execute statement.
[ ODBC Error - 24.1.2026 5:27:26 ] ] Source: SQLDriverConnect Error: [Microsoft][ODBC Driver Manager] Veri kaynaðý adý bulunamadý ve varsayýlan sürücü belirtilmemiþ Description: Unable to establish connection.
[ ODBC Error - 24.1.2026 5:28:52 ] ] Source: SQLDriverConnect Error: [Microsoft][ODBC Driver Manager] Veri kaynaðý adý bulunamadý ve varsayýlan sürücü belirtilmemiþ Description: Unable to establish connection.
[ ODBC Error - 24.1.2026 5:32:16 ] ] Source: SQLDriverConnect Error: [Microsoft][ODBC Driver Manager] Belirtilen DSN'de Sürücü ile Uygulama arasýnda bir mimari uyuþmazlýðý var Description: Unable to establish connection.
[ ODBC Error - 24.1.2026 5:34:45 ] ] Source: SQLDriverConnect Error: [Microsoft][ODBC Driver Manager] Veri kaynaðý adý bulunamadý ve varsayýlan sürücü belirtilmemiþ Description: Unable to establish connection.
[ ODBC Error - 24.1.2026 5:36:51 ] ] Source: {CALL GAME_START_CLEAR_REMAIN_USERS} Error: [Microsoft][ODBC SQL Server Driver][SQL Server]The EXECUTE permission was denied on the object 'GAME_START_CLEAR_REMAIN_USERS', database 'KO_ISTIRAP_SERVER_DB', schema 'dbo'. Description: Failed to execute statement.
[ ODBC Error - 24.1.2026 5:41:48 ] ] Source: {CALL GAME_START_CLEAR_REMAIN_USERS} Error: [Microsoft][ODBC SQL Server Driver][SQL Server]The EXECUTE permission was denied on the object 'GAME_START_CLEAR_REMAIN_USERS', database 'KO_ISTIRAP_SERVER_DB', schema 'dbo'. Description: Failed to execute statement.
[ ODBC Error - 24.1.2026 5:43:43 ] ] Source: {CALL GAME_START_CLEAR_REMAIN_USERS} Error: [Microsoft][ODBC SQL Server Driver][SQL Server]The EXECUTE permission was denied on the object 'GAME_START_CLEAR_REMAIN_USERS', database 'KO_ISTIRAP_SERVER_DB', schema 'dbo'. Description: Failed to execute statement.
[ ODBC Error - 24.1.2026 7:9:5 ] ] Source: {CALL LOAD_DRAKI_MONSTER_LIST} Error: [Microsoft][ODBC SQL Server Driver]Baðlantý diðer bir hstmt sonuçlarý ile meþgul Description: Failed to execute statement.
[ ODBC Error - 24.1.2026 7:10:10 ] ] Source: {CALL LOAD_DRAKI_MONSTER_LIST} Error: [Microsoft][ODBC SQL Server Driver]Baðlantý diðer bir hstmt sonuçlarý ile meþgul Description: Failed to execute statement.
[ ODBC Error - 24.1.2026 16:58:23 ] ] Source: {CALL LOAD_DRAKI_MONSTER_LIST} Error: [Microsoft][ODBC SQL Server Driver]Baðlantý diðer bir hstmt sonuçlarý ile meþgul Description: Failed to execute statement.
[ ODBC Error - 24.1.2026 17:0:35 ] ] Source: {CALL LOAD_DRAKI_MONSTER_LIST} Error: [Microsoft][ODBC SQL Server Driver]Baðlantý diðer bir hstmt sonuçlarý ile meþgul Description: Failed to execute statement.
[ ODBC Error - 24.1.2026 17:1:57 ] ] Source: {CALL LOAD_DRAKI_MONSTER_LIST} Error: [Microsoft][ODBC SQL Server Driver]Baðlantý diðer bir hstmt sonuçlarý ile meþgul Description: Failed to execute statement.
[ ODBC Error - 24.1.2026 21:22:9 ] ] Source: insert into KO_LOG.dbo.LOGS_CHEAT (strAccountID,strCharID,strClientIP,strCheatLog) values (?,?,?,'Cheat Decated BullCode !') Error: [Microsoft][ODBC SQL Server Driver][SQL Server]Invalid object name 'KO_LOG.dbo.LOGS_CHEAT'. Description: Failed to execute statement.
[ ODBC Error - 24.1.2026 23:0:10 ] ] Source: {CALL LOAD_DRAKI_MONSTER_LIST} Error: [Microsoft][ODBC SQL Server Driver]Baðlantý diðer bir hstmt sonuçlarý ile meþgul Description: Failed to execute statement.
[ ODBC Error - 24.1.2026 23:42:43 ] ] Source: {CALL LOAD_DRAKI_MONSTER_LIST} Error: [Microsoft][ODBC SQL Server Driver]Baðlantý diðer bir hstmt sonuçlarý ile meþgul Description: Failed to execute statement.
[ ODBC Error - 25.1.2026 0:0:50 ] ] Source: {CALL LOAD_DRAKI_MONSTER_LIST} Error: [Microsoft][ODBC SQL Server Driver]Baðlantý diðer bir hstmt sonuçlarý ile meþgul Description: Failed to execute statement.
[ ODBC Error - 25.1.2026 0:6:3 ] ] Source: {CALL LOAD_DRAKI_MONSTER_LIST} Error: [Microsoft][ODBC SQL Server Driver]Baðlantý diðer bir hstmt sonuçlarý ile meþgul Description: Failed to execute statement.
[ ODBC Error - 25.1.2026 0:18:2 ] ] Source: {CALL LOAD_DRAKI_MONSTER_LIST} Error: [Microsoft][ODBC SQL Server Driver]Baðlantý diðer bir hstmt sonuçlarý ile meþgul Description: Failed to execute statement.
[ ODBC Error - 25.1.2026 5:12:9 ] ] Source: {CALL LOAD_DRAKI_MONSTER_LIST} Error: [Microsoft][ODBC SQL Server Driver]Baðlantý diðer bir hstmt sonuçlarý ile meþgul Description: Failed to execute statement.
[ ODBC Error - 25.1.2026 5:17:30 ] ] Source: {CALL LOAD_DRAKI_MONSTER_LIST} Error: [Microsoft][ODBC SQL Server Driver]Baðlantý diðer bir hstmt sonuçlarý ile meþgul Description: Failed to execute statement.
[ ODBC Error - 25.1.2026 19:54:6 ] ] Source: {CALL LOAD_DRAKI_MONSTER_LIST} Error: [Microsoft][ODBC SQL Server Driver]Baðlantý diðer bir hstmt sonuçlarý ile meþgul Description: Failed to execute statement.
[ ODBC Error - 25.1.2026 21:50:39 ] ] Source: {CALL LOAD_DRAKI_MONSTER_LIST} Error: [Microsoft][ODBC SQL Server Driver]Baðlantý diðer bir hstmt sonuçlarý ile meþgul Description: Failed to execute statement.
[ ODBC Error - 25.1.2026 21:52:53 ] ] Source: {CALL LOAD_DRAKI_MONSTER_LIST} Error: [Microsoft][ODBC SQL Server Driver]Baðlantý diðer bir hstmt sonuçlarý ile meþgul Description: Failed to execute statement.
[ ODBC Error - 25.1.2026 21:58:16 ] ] Source: {CALL LOAD_DRAKI_MONSTER_LIST} Error: [Microsoft][ODBC SQL Server Driver]Baðlantý diðer bir hstmt sonuçlarý ile meþgul Description: Failed to execute statement.
[ ODBC Error - 25.1.2026 22:0:47 ] ] Source: {CALL LOAD_DRAKI_MONSTER_LIST} Error: [Microsoft][ODBC SQL Server Driver]Baðlantý diðer bir hstmt sonuçlarý ile meþgul Description: Failed to execute statement.
[ ODBC Error - 25.1.2026 22:10:13 ] ] Source: {CALL LOAD_DRAKI_MONSTER_LIST} Error: [Microsoft][ODBC SQL Server Driver]Baðlantý diðer bir hstmt sonuçlarý ile meþgul Description: Failed to execute statement.
[ ODBC Error - 25.1.2026 22:33:40 ] ] Source: {CALL LOAD_DRAKI_MONSTER_LIST} Error: [Microsoft][ODBC SQL Server Driver]Baðlantý diðer bir hstmt sonuçlarý ile meþgul Description: Failed to execute statement.
[ ODBC Error - 25.1.2026 22:34:30 ] ] Source: {CALL LOAD_DRAKI_MONSTER_LIST} Error: [Microsoft][ODBC SQL Server Driver]Baðlantý diðer bir hstmt sonuçlarý ile meþgul Description: Failed to execute statement.
[ ODBC Error - 25.1.2026 22:37:54 ] ] Source: {CALL LOAD_DRAKI_MONSTER_LIST} Error: [Microsoft][ODBC SQL Server Driver]Baðlantý diðer bir hstmt sonuçlarý ile meþgul Description: Failed to execute statement.
[ ODBC Error - 26.1.2026 17:35:5 ] ] Source: {CALL LOAD_DRAKI_MONSTER_LIST} Error: [Microsoft][ODBC SQL Server Driver]Baðlantý diðer bir hstmt sonuçlarý ile meþgul Description: Failed to execute statement.
[ ODBC Error - 26.1.2026 17:39:5 ] ] Source: {CALL LOAD_DRAKI_MONSTER_LIST} Error: [Microsoft][ODBC SQL Server Driver]Baðlantý diðer bir hstmt sonuçlarý ile meþgul Description: Failed to execute statement.
[ ODBC Error - 26.1.2026 20:56:25 ] ] Source: {CALL LOAD_DRAKI_MONSTER_LIST} Error: [Microsoft][ODBC SQL Server Driver]Baðlantý diðer bir hstmt sonuçlarý ile meþgul Description: Failed to execute statement.
[ ODBC Error - 27.1.2026 17:56:55 ] ] Source: {CALL LOAD_DRAKI_MONSTER_LIST} Error: [Microsoft][ODBC SQL Server Driver]Baðlantý diðer bir hstmt sonuçlarý ile meþgul Description: Failed to execute statement.
[ ODBC Error - 27.1.2026 22:32:1 ] ] Source: SQLDriverConnect Error: [Microsoft][ODBC SQL Server Driver][DBMSLPCN]SQL Server yok veya eriþim engellendi. Description: Unable to establish connection.
[ ODBC Error - 28.1.2026 1:41:28 ] ] Source: {CALL LOAD_DRAKI_MONSTER_LIST} Error: [Microsoft][ODBC SQL Server Driver]Baðlantý diðer bir hstmt sonuçlarý ile meþgul Description: Failed to execute statement.
[ ODBC Error - 28.1.2026 17:40:12 ] ] Source: {CALL LOAD_DRAKI_MONSTER_LIST} Error: [Microsoft][ODBC SQL Server Driver]Baðlantý diðer bir hstmt sonuçlarý ile meþgul Description: Failed to execute statement.
[ ODBC Error - 28.1.2026 17:53:29 ] ] Source: {CALL LOAD_DRAKI_MONSTER_LIST} Error: [Microsoft][ODBC SQL Server Driver]Baðlantý diðer bir hstmt sonuçlarý ile meþgul Description: Failed to execute statement.
[ ODBC Error - 28.1.2026 17:55:38 ] ] Source: {CALL LOAD_DRAKI_MONSTER_LIST} Error: [Microsoft][ODBC SQL Server Driver]Baðlantý diðer bir hstmt sonuçlarý ile meþgul Description: Failed to execute statement.
[ ODBC Error - 28.1.2026 17:59:30 ] ] Source: {CALL LOAD_DRAKI_MONSTER_LIST} Error: [Microsoft][ODBC SQL Server Driver]Baðlantý diðer bir hstmt sonuçlarý ile meþgul Description: Failed to execute statement.
[ ODBC Error - 28.1.2026 18:0:49 ] ] Source: {CALL LOAD_DRAKI_MONSTER_LIST} Error: [Microsoft][ODBC SQL Server Driver]Baðlantý diðer bir hstmt sonuçlarý ile meþgul Description: Failed to execute statement.
[ ODBC Error - 28.1.2026 18:1:20 ] ] Source: {CALL LOAD_DRAKI_MONSTER_LIST} Error: [Microsoft][ODBC SQL Server Driver]Baðlantý diðer bir hstmt sonuçlarý ile meþgul Description: Failed to execute statement.
[ ODBC Error - 28.1.2026 18:16:17 ] ] Source: {CALL LOAD_DRAKI_MONSTER_LIST} Error: [Microsoft][ODBC SQL Server Driver]Baðlantý diðer bir hstmt sonuçlarý ile meþgul Description: Failed to execute statement.
[ ODBC Error - 28.1.2026 18:16:17 ] ] Source: {CALL LOAD_DRAKI_MONSTER_LIST} Error: [Microsoft][ODBC SQL Server Driver]Baðlantý diðer bir hstmt sonuçlarý ile meþgul Description: Failed to execute statement.
[ ODBC Error - 28.1.2026 18:16:17 ] ] Source: {CALL LOAD_CHAOS_STONE_STAGE} Error: [Microsoft][ODBC SQL Server Driver]Baðlantý diðer bir hstmt sonuçlarý ile meþgul Description: Failed to execute statement.
[ ODBC Error - 28.1.2026 18:16:17 ] ] Source: {CALL UPDATE_RANKS} Error: [Microsoft][ODBC SQL Server Driver]Baðlantý diðer bir hstmt sonuçlarý ile meþgul Description: Failed to execute statement.
[ ODBC Error - 28.1.2026 18:16:17 ] ] Source: {? = CALL KNIGHTS_SAVE(1, 3, 0)} Error: [Microsoft][ODBC SQL Server Driver]Baðlantý diðer bir hstmt sonuçlarý ile meþgul Description: Failed to execute statement.
[ ODBC Error - 28.1.2026 18:16:17 ] ] Source: {? = CALL KNIGHTS_SAVE(15001, 3, 0)} Error: [Microsoft][ODBC SQL Server Driver]Baðlantý diðer bir hstmt sonuçlarý ile meþgul Description: Failed to execute statement.
[ ODBC Error - 28.1.2026 18:16:17 ] ] Source: {CALL LOAD_DRAKI_MONSTER_LIST} Error: [Microsoft][ODBC SQL Server Driver]Baðlantý diðer bir hstmt sonuçlarý ile meþgul Description: Failed to execute statement.
[ ODBC Error - 28.1.2026 18:16:18 ] ] Source: UPDATE KNIGHTS SET Gold=0, dwTime=1, WarehouseData=?, strSerial=? WHERE IDName=? Error: [Microsoft][ODBC SQL Server Driver]Baðlantý diðer bir hstmt sonuçlarý ile meþgul Description: Failed to execute statement.
[ ODBC Error - 28.1.2026 18:16:18 ] ] Source: {CALL UPDATE_USER_DATA(?, 2, 12, 208, 55464828, 0, 0, 83, 0, 1938404667, 114180, 4, 0, 15001, 5, 8857, 12857, 100, 60, 177, 255, 50, 50, 0, 0, 0, 0, 0, 2, 0, 65089152, 21, -1, 82410, 55050, 469, 0, ?, ?, ?, ?, ?, 34, 112715, 1769613377, 71, 0, 0, ?, 0, 0, 0, 10, 2 )} Error: [Microsoft][ODBC SQL Server Driver]Baðlantý diðer bir hstmt sonuçlarý ile meþgul Description: Failed to execute statement.
[ ODBC Error - 28.1.2026 18:16:18 ] ] Source: {CALL UPDATE_USER_QUEST_DATA(?, ?, ?, 6, 53)} Error: [Microsoft][ODBC SQL Server Driver]Baðlantý diðer bir hstmt sonuçlarý ile meþgul Description: Failed to execute statement.
[ ODBC Error - 28.1.2026 18:16:18 ] ] Source: {CALL UPDATE_GENIE_DATA(?,?, ?, 0,0)} Error: [Microsoft][ODBC SQL Server Driver]Baðlantý diðer bir hstmt sonuçlarý ile meþgul Description: Failed to execute statement.
[ ODBC Error - 28.1.2026 18:16:18 ] ] Source: UPDATE USER_ACHIEVE_DATA SET sCoverID=0, sSkillID=0, sAchieveCount=454, strAchieve=? WHERE strUserID=? Error: [Microsoft][ODBC SQL Server Driver]Baðlantý diðer bir hstmt sonuçlarý ile meþgul Description: Failed to execute statement.
[ ODBC Error - 28.1.2026 18:16:18 ] ] Source: {CALL UPDATE_USER_SEAL_EXP(?, 0)} Error: [Microsoft][ODBC SQL Server Driver]Baðlantý diðer bir hstmt sonuçlarý ile meþgul Description: Failed to execute statement.
[ ODBC Error - 28.1.2026 18:16:18 ] ] Source: {CALL UPDATE_USER_RETURN_DATA(?,0,1769613378,0)} Error: [Microsoft][ODBC SQL Server Driver]Baðlantý diðer bir hstmt sonuçlarý ile meþgul Description: Failed to execute statement.
[ ODBC Error - 28.1.2026 18:16:18 ] ] Source: UPDATE WAREHOUSE SET nMoney=0, dwTime=0, WarehouseData=?, strSerial=?, WarehouseDataTime=? WHERE strAccountID=? Error: [Microsoft][ODBC SQL Server Driver]Baðlantý diðer bir hstmt sonuçlarý ile meþgul Description: Failed to execute statement.
[ ODBC Error - 28.1.2026 18:16:18 ] ] Source: UPDATE VIP_WAREHOUSE SET VIPWarehouseData=?, strSerial=?, VIPWarehouseDataTime=?  WHERE strAccountID=? Error: [Microsoft][ODBC SQL Server Driver]Baðlantý diðer bir hstmt sonuçlarý ile meþgul Description: Failed to execute statement.
[ ODBC Error - 28.1.2026 18:16:18 ] ] Source: {CALL UPDATE_SAVED_MAGIC(?, 0, 0, 0, 0, 0, 0, 0, 0, 0, 0, 0, 0, 0, 0, 0, 0, 0, 0, 0, 0)} Error: [Microsoft][ODBC SQL Server Driver]Baðlantý diðer bir hstmt sonuçlarý ile meþgul Description: Failed to execute statement.
[ ODBC Error - 28.1.2026 18:16:18 ] ] Source: {CALL UPDATE_USER_DAILY_RANK(?, 0, 625, 0, 0, 0)} Error: [Microsoft][ODBC SQL Server Driver]Baðlantý diðer bir hstmt sonuçlarý ile meþgul Description: Failed to execute statement.
[ ODBC Error - 28.1.2026 18:16:18 ] ] Source: {CALL UPDATE_USER_PERKS(?,0,0,0,0,0,0,0,0,0,0,0,0,0,0)} Error: [Microsoft][ODBC SQL Server Driver]Baðlantý diðer bir hstmt sonuçlarý ile meþgul Description: Failed to execute statement.
[ ODBC Error - 28.1.2026 18:16:18 ] ] Source: {CALL UPDATE_RANKS} Error: [Microsoft][ODBC SQL Server Driver]Baðlantý diðer bir hstmt sonuçlarý ile meþgul Description: Failed to execute statement.
[ ODBC Error - 28.1.2026 18:16:18 ] ] Source: {CALL LOAD_DRAKI_MONSTER_LIST} Error: [Microsoft][ODBC SQL Server Driver]Baðlantý diðer bir hstmt sonuçlarý ile meþgul Description: Failed to execute statement.
[ ODBC Error - 28.1.2026 18:18:12 ] ] Source: {CALL LOAD_DRAKI_MONSTER_LIST} Error: [Microsoft][ODBC SQL Server Driver]Baðlantý diðer bir hstmt sonuçlarý ile meþgul Description: Failed to execute statement.
[ ODBC Error - 28.1.2026 21:3:30 ] ] Source: {CALL LOAD_DRAKI_MONSTER_LIST} Error: [Microsoft][ODBC SQL Server Driver]Baðlantý diðer bir hstmt sonuçlarý ile meþgul Description: Failed to execute statement.
[ ODBC Error - 28.1.2026 21:4:42 ] ] Source: {CALL LOAD_DRAKI_MONSTER_LIST} Error: [Microsoft][ODBC SQL Server Driver]Baðlantý diðer bir hstmt sonuçlarý ile meþgul Description: Failed to execute statement.
[ ODBC Error - 28.1.2026 21:23:58 ] ] Source: {CALL LOAD_DRAKI_MONSTER_LIST} Error: [Microsoft][ODBC SQL Server Driver]Baðlantý diðer bir hstmt sonuçlarý ile meþgul Description: Failed to execute statement.
[ ODBC Error - 31.1.2026 22:13:23 ] ] Source: {CALL LOAD_DRAKI_MONSTER_LIST} Error: [Microsoft][ODBC SQL Server Driver]Baðlantý diðer bir hstmt sonuçlarý ile meþgul Description: Failed to execute statement.
